2026-05-28T04:09:07.991695Z  INFO main 使用加速下载地址: https://dl.zhongbai233.com/release/v2.4.11/TomatoNovelDownloader-Win64-v2.4.11.exe
2026-05-28T04:09:08.019190Z  INFO ThreadId(06) IID 预热完成
2026-05-28T04:10:14.592714Z  INFO main 开始搜索: 我都轮回三世，师父你怎么还活着
2026-05-28T04:10:32.424728Z  INFO main 开始加载目录/预览 book_id=7198789276006353981
2026-05-28T04:10:32.425081Z  INFO ThreadId(13) 准备下载计划 book_id="7198789276006353981"
2026-05-28T04:10:32.427085Z  INFO ThreadId(13) 准备下载计划（web fallback） book_id="7198789276006353981"
2026-05-28T04:10:33.865562Z  INFO ThreadId(13) web 封面下载成功 book_id="7198789276006353981" path=C:\Users\Administrator\Documents\trae_projects\AI网文小说项目\7198789276006353981\cover.jpg
2026-05-28T04:10:34.776114Z  INFO ThreadId(13) 封面文件已存在，跳过下载 book_id="7198789276006353981" path=C:\Users\Administrator\Documents\trae_projects\AI网文小说项目\7198789276006353981\cover.jpg
2026-05-28T04:10:35.833686Z  INFO main 启动下载任务 book_id=7198789276006353981
2026-05-28T04:10:35.833956Z  INFO ThreadId(24) 启动下载 book_id=7198789276006353981
2026-05-28T04:10:35.841206Z  INFO ThreadId(24) 已按 BookID 解析稳定缓存目录 book_id="7198789276006353981" folder=C:\Users\Administrator\Documents\trae_projects\AI网文小说项目\7198789276006353981
2026-05-28T04:10:35.843564Z  INFO ThreadId(24) 开始下载：我都轮回三世，师父你怎么还活着 (476 章)
2026-05-28T04:10:41.287489Z  INFO ThreadId(24) 检测到整组章节全部失败，立即切回整组换 IID 重试策略 total=16 reason="HTTP request failed: batch_full: server returned empty response (0 bytes raw)"
2026-05-28T04:11:00.990984Z  INFO ThreadId(24) 首轮批量拉取失败，整组章节加入延后重试队列 reason=content error: Failed to fetch chapter contents: 请求异常，已重试并更换 IID 后仍失败: HTTP request failed: register_key: server returned empty response (0 bytes raw) count=16
2026-05-28T04:11:00.992199Z  INFO ThreadId(24) 下载完成 1 组 剩 30 组 done=1 remaining=30
2026-05-28T04:11:06.559061Z  INFO ThreadId(24) 检测到整组章节全部失败，立即切回整组换 IID 重试策略 total=16 reason="HTTP request failed: register_key: server returned empty response (0 bytes raw)"
2026-05-28T04:11:12.727685Z  INFO ThreadId(24) 保存完成 10 章 剩 466 章 done=10 remaining=466
2026-05-28T04:11:12.730160Z  INFO ThreadId(24) 下载完成 2 组 剩 29 组 done=2 remaining=29
2026-05-28T04:11:14.153458Z  INFO ThreadId(24) 保存完成 20 章 剩 456 章 done=20 remaining=456
2026-05-28T04:11:14.159419Z  INFO ThreadId(24) 保存完成 30 章 剩 446 章 done=30 remaining=446
2026-05-28T04:11:14.162210Z  INFO ThreadId(24) 下载完成 3 组 剩 28 组 done=3 remaining=28
2026-05-28T04:11:15.570681Z  INFO ThreadId(24) 保存完成 40 章 剩 436 章 done=40 remaining=436
2026-05-28T04:11:15.575818Z  INFO ThreadId(24) 下载完成 4 组 剩 27 组 done=4 remaining=27
2026-05-28T04:11:17.119435Z  INFO ThreadId(24) 保存完成 50 章 剩 426 章 done=50 remaining=426
2026-05-28T04:11:17.123834Z  INFO ThreadId(24) 保存完成 60 章 剩 416 章 done=60 remaining=416
2026-05-28T04:11:17.128186Z  INFO ThreadId(24) 下载完成 5 组 剩 26 组 done=5 remaining=26
2026-05-28T04:11:18.579783Z  INFO ThreadId(24) 保存完成 70 章 剩 406 章 done=70 remaining=406
2026-05-28T04:11:18.583712Z  INFO ThreadId(24) 保存完成 80 章 剩 396 章 done=80 remaining=396
2026-05-28T04:11:18.587300Z  INFO ThreadId(24) 下载完成 6 组 剩 25 组 done=6 remaining=25
2026-05-28T04:11:20.040067Z  INFO ThreadId(24) 保存完成 90 章 剩 386 章 done=90 remaining=386
2026-05-28T04:11:20.045123Z  INFO ThreadId(24) 下载完成 7 组 剩 24 组 done=7 remaining=24
2026-05-28T04:11:21.439464Z  INFO ThreadId(24) 保存完成 100 章 剩 376 章 done=100 remaining=376
2026-05-28T04:11:21.444951Z  INFO ThreadId(24) 保存完成 110 章 剩 366 章 done=110 remaining=366
2026-05-28T04:11:21.450155Z  INFO ThreadId(24) 下载完成 8 组 剩 23 组 done=8 remaining=23
2026-05-28T04:11:22.850529Z  INFO ThreadId(24) 保存完成 120 章 剩 356 章 done=120 remaining=356
2026-05-28T04:11:22.858890Z  INFO ThreadId(24) 下载完成 9 组 剩 22 组 done=9 remaining=22
2026-05-28T04:11:24.322917Z  INFO ThreadId(24) 保存完成 130 章 剩 346 章 done=130 remaining=346
2026-05-28T04:11:24.327608Z  INFO ThreadId(24) 保存完成 140 章 剩 336 章 done=140 remaining=336
2026-05-28T04:11:24.334189Z  INFO ThreadId(24) 下载完成 10 组 剩 21 组 done=10 remaining=21
2026-05-28T04:11:25.716614Z  INFO ThreadId(24) 保存完成 150 章 剩 326 章 done=150 remaining=326
2026-05-28T04:11:25.723076Z  INFO ThreadId(24) 保存完成 160 章 剩 316 章 done=160 remaining=316
2026-05-28T04:11:25.729720Z  INFO ThreadId(24) 下载完成 11 组 剩 20 组 done=11 remaining=20
2026-05-28T04:11:27.144597Z  INFO ThreadId(24) 保存完成 170 章 剩 306 章 done=170 remaining=306
2026-05-28T04:11:27.151758Z  INFO ThreadId(24) 下载完成 12 组 剩 19 组 done=12 remaining=19
2026-05-28T04:11:28.716375Z  INFO ThreadId(24) 保存完成 180 章 剩 296 章 done=180 remaining=296
2026-05-28T04:11:28.721271Z  INFO ThreadId(24) 保存完成 190 章 剩 286 章 done=190 remaining=286
2026-05-28T04:11:28.728479Z  INFO ThreadId(24) 下载完成 13 组 剩 18 组 done=13 remaining=18
2026-05-28T04:11:30.300903Z  INFO ThreadId(24) 保存完成 200 章 剩 276 章 done=200 remaining=276
2026-05-28T04:11:30.310006Z  INFO ThreadId(24) 下载完成 14 组 剩 17 组 done=14 remaining=17
2026-05-28T04:11:31.667130Z  INFO ThreadId(24) 保存完成 210 章 剩 266 章 done=210 remaining=266
2026-05-28T04:11:31.670997Z  INFO ThreadId(24) 保存完成 220 章 剩 256 章 done=220 remaining=256
2026-05-28T04:11:31.677349Z  INFO ThreadId(24) 下载完成 15 组 剩 16 组 done=15 remaining=16
2026-05-28T04:11:33.085031Z  INFO ThreadId(24) 保存完成 230 章 剩 246 章 done=230 remaining=246
2026-05-28T04:11:33.096845Z  INFO ThreadId(24) 下载完成 16 组 剩 15 组 done=16 remaining=15
2026-05-28T04:11:34.558363Z  INFO ThreadId(24) 保存完成 240 章 剩 236 章 done=240 remaining=236
2026-05-28T04:11:34.562306Z  INFO ThreadId(24) 保存完成 250 章 剩 226 章 done=250 remaining=226
2026-05-28T04:11:34.571390Z  INFO ThreadId(24) 下载完成 17 组 剩 14 组 done=17 remaining=14
2026-05-28T04:11:35.958086Z  INFO ThreadId(24) 保存完成 260 章 剩 216 章 done=260 remaining=216
2026-05-28T04:11:35.969577Z  INFO ThreadId(24) 下载完成 18 组 剩 13 组 done=18 remaining=13
2026-05-28T04:11:37.303062Z  INFO ThreadId(24) 保存完成 270 章 剩 206 章 done=270 remaining=206
2026-05-28T04:11:37.307413Z  INFO ThreadId(24) 保存完成 280 章 剩 196 章 done=280 remaining=196
2026-05-28T04:11:37.315771Z  INFO ThreadId(24) 下载完成 19 组 剩 12 组 done=19 remaining=12
2026-05-28T04:11:38.753870Z  INFO ThreadId(24) 保存完成 290 章 剩 186 章 done=290 remaining=186
2026-05-28T04:11:38.768436Z  INFO ThreadId(24) 下载完成 20 组 剩 11 组 done=20 remaining=11
2026-05-28T04:11:40.206034Z  INFO ThreadId(24) 保存完成 300 章 剩 176 章 done=300 remaining=176
2026-05-28T04:11:40.211237Z  INFO ThreadId(24) 保存完成 310 章 剩 166 章 done=310 remaining=166
2026-05-28T04:11:40.224857Z  INFO ThreadId(24) 下载完成 21 组 剩 10 组 done=21 remaining=10
2026-05-28T04:11:41.592514Z  INFO ThreadId(24) 保存完成 320 章 剩 156 章 done=320 remaining=156
2026-05-28T04:11:41.607669Z  INFO ThreadId(24) 下载完成 22 组 剩 9 组 done=22 remaining=9
2026-05-28T04:11:43.012353Z  INFO ThreadId(24) 保存完成 330 章 剩 146 章 done=330 remaining=146
2026-05-28T04:11:43.016858Z  INFO ThreadId(24) 保存完成 340 章 剩 136 章 done=340 remaining=136
2026-05-28T04:11:43.031548Z  INFO ThreadId(24) 下载完成 23 组 剩 8 组 done=23 remaining=8
2026-05-28T04:11:44.431263Z  INFO ThreadId(24) 保存完成 350 章 剩 126 章 done=350 remaining=126
2026-05-28T04:11:44.447830Z  INFO ThreadId(24) 下载完成 24 组 剩 7 组 done=24 remaining=7
2026-05-28T04:11:45.863843Z  INFO ThreadId(24) 保存完成 360 章 剩 116 章 done=360 remaining=116
2026-05-28T04:11:45.868999Z  INFO ThreadId(24) 保存完成 370 章 剩 106 章 done=370 remaining=106
2026-05-28T04:11:45.886163Z  INFO ThreadId(24) 下载完成 25 组 剩 6 组 done=25 remaining=6
2026-05-28T04:11:47.260583Z  INFO ThreadId(24) 保存完成 380 章 剩 96 章 done=380 remaining=96
2026-05-28T04:11:47.274074Z  INFO ThreadId(24) 下载完成 26 组 剩 5 组 done=26 remaining=5
2026-05-28T04:11:48.668138Z  INFO ThreadId(24) 保存完成 390 章 剩 86 章 done=390 remaining=86
2026-05-28T04:11:48.673516Z  INFO ThreadId(24) 保存完成 400 章 剩 76 章 done=400 remaining=76
2026-05-28T04:11:48.688180Z  INFO ThreadId(24) 下载完成 27 组 剩 4 组 done=27 remaining=4
2026-05-28T04:11:50.111407Z  INFO ThreadId(24) 保存完成 410 章 剩 66 章 done=410 remaining=66
2026-05-28T04:11:50.124758Z  INFO ThreadId(24) 下载完成 28 组 剩 3 组 done=28 remaining=3
2026-05-28T04:11:51.554736Z  INFO ThreadId(24) 保存完成 420 章 剩 56 章 done=420 remaining=56
2026-05-28T04:11:51.559445Z  INFO ThreadId(24) 保存完成 430 章 剩 46 章 done=430 remaining=46
2026-05-28T04:11:51.571538Z  INFO ThreadId(24) 下载完成 29 组 剩 2 组 done=29 remaining=2
2026-05-28T04:11:52.987932Z  INFO ThreadId(24) 保存完成 440 章 剩 36 章 done=440 remaining=36
2026-05-28T04:11:53.003498Z  INFO ThreadId(24) 下载完成 30 组 剩 1 组 done=30 remaining=1
2026-05-28T04:11:54.532256Z  INFO ThreadId(24) 保存完成 450 章 剩 26 章 done=450 remaining=26
2026-05-28T04:11:54.538773Z  INFO ThreadId(24) 保存完成 460 章 剩 16 章 done=460 remaining=16
2026-05-28T04:11:54.550849Z  INFO ThreadId(24) 下载完成 31 组 剩 0 组 done=31 remaining=0
2026-05-28T04:11:54.551073Z  INFO ThreadId(24) 首轮下载完成，统一刷新 IID 后重试失败章节 count=16
2026-05-28T04:11:57.595804Z  INFO ThreadId(24) 保存完成 470 章 剩 6 章 done=470 remaining=6
2026-05-28T04:11:57.599556Z  INFO ThreadId(24) 保存完成 476 章 剩 0 章 done=476 remaining=0
2026-05-28T04:11:57.615716Z  INFO ThreadId(24) 下载完成：我都轮回三世，师父你怎么还活着 成功 476 章，失败 0 章，用时 81.8s
2026-05-28T04:11:57.635364Z  INFO ThreadId(24) finalize start: chapters=476
2026-05-28T04:11:57.720314Z  INFO ThreadId(24) written: C:\Users\Administrator\Documents\trae_projects\AI网文小说项目\我都轮回三世，师父你怎么还活着.txt
2026-05-28T04:11:57.843891Z  INFO main 下载完成 book_id=7198789276006353981
2026-05-28T07:47:38.637880Z  INFO ThreadId(06) IID 预热完成
2026-05-28T07:47:38.666619Z  WARN main 检查程序更新失败: request latest release
2026-05-28T07:48:06.313614Z  INFO main 开始加载目录/预览 book_id=7623460631303179288
2026-05-28T07:48:06.313801Z  INFO ThreadId(10) 准备下载计划 book_id="7623460631303179288"
2026-05-28T07:48:06.314441Z  INFO ThreadId(10) 准备下载计划（web fallback） book_id="7623460631303179288"
2026-05-28T07:48:07.671811Z  INFO ThreadId(10) web 封面下载成功 book_id="7623460631303179288" path=C:\Users\Administrator\Documents\trae_projects\AI网文小说项目\7623460631303179288\cover.png
2026-05-28T07:48:08.667535Z  INFO ThreadId(10) 封面文件已存在，跳过下载 book_id="7623460631303179288" path=C:\Users\Administrator\Documents\trae_projects\AI网文小说项目\7623460631303179288\cover.png
2026-05-28T07:48:21.208939Z  INFO main 启动下载任务 book_id=7623460631303179288
2026-05-28T07:48:21.209108Z  INFO ThreadId(21) 启动下载 book_id=7623460631303179288
2026-05-28T07:48:21.210085Z  INFO ThreadId(21) 已按 BookID 解析稳定缓存目录 book_id="7623460631303179288" folder=C:\Users\Administrator\Documents\trae_projects\AI网文小说项目\7623460631303179288
2026-05-28T07:48:21.211941Z  INFO ThreadId(21) 开始下载：每天六千万，只能在县城花？ (218 章)
2026-05-28T07:48:26.635740Z  INFO ThreadId(21) 检测到整组章节全部失败，立即切回整组换 IID 重试策略 total=16 reason="HTTP request failed: batch_full: server returned empty response (0 bytes raw)"
2026-05-28T07:48:41.686507Z  INFO ThreadId(21) 首轮批量拉取失败，整组章节加入延后重试队列 reason=content error: Failed to fetch chapter contents: 章节内容为空，已在同 IID 重试并更换 IID 后仍失败 count=16
2026-05-28T07:48:41.687313Z  INFO ThreadId(21) 下载完成 1 组 剩 13 组 done=1 remaining=13
2026-05-28T07:48:42.873415Z  INFO ThreadId(21) 保存完成 10 章 剩 208 章 done=10 remaining=208
2026-05-28T07:48:42.876445Z  INFO ThreadId(21) 下载完成 2 组 剩 12 组 done=2 remaining=12
2026-05-28T07:48:44.378219Z  INFO ThreadId(21) 保存完成 20 章 剩 198 章 done=20 remaining=198
2026-05-28T07:48:44.382372Z  INFO ThreadId(21) 保存完成 30 章 剩 188 章 done=30 remaining=188
2026-05-28T07:48:44.383902Z  INFO ThreadId(21) 下载完成 3 组 剩 11 组 done=3 remaining=11
2026-05-28T07:48:45.832635Z  INFO ThreadId(21) 保存完成 40 章 剩 178 章 done=40 remaining=178
2026-05-28T07:48:45.837314Z  INFO ThreadId(21) 下载完成 4 组 剩 10 组 done=4 remaining=10
2026-05-28T07:48:47.321052Z  INFO ThreadId(21) 保存完成 50 章 剩 168 章 done=50 remaining=168
2026-05-28T07:48:47.325180Z  INFO ThreadId(21) 保存完成 60 章 剩 158 章 done=60 remaining=158
2026-05-28T07:48:47.330125Z  INFO ThreadId(21) 下载完成 5 组 剩 9 组 done=5 remaining=9
2026-05-28T07:48:48.755490Z  INFO ThreadId(21) 保存完成 70 章 剩 148 章 done=70 remaining=148
2026-05-28T07:48:48.760036Z  INFO ThreadId(21) 保存完成 80 章 剩 138 章 done=80 remaining=138
2026-05-28T07:48:48.763183Z  INFO ThreadId(21) 下载完成 6 组 剩 8 组 done=6 remaining=8
2026-05-28T07:48:50.285078Z  INFO ThreadId(21) 保存完成 90 章 剩 128 章 done=90 remaining=128
2026-05-28T07:48:50.290494Z  INFO ThreadId(21) 下载完成 7 组 剩 7 组 done=7 remaining=7
2026-05-28T07:48:51.750367Z  INFO ThreadId(21) 保存完成 100 章 剩 118 章 done=100 remaining=118
2026-05-28T07:48:51.754889Z  INFO ThreadId(21) 保存完成 110 章 剩 108 章 done=110 remaining=108
2026-05-28T07:48:51.759296Z  INFO ThreadId(21) 下载完成 8 组 剩 6 组 done=8 remaining=6
2026-05-28T07:48:53.266287Z  INFO ThreadId(21) 保存完成 120 章 剩 98 章 done=120 remaining=98
2026-05-28T07:48:53.275488Z  INFO ThreadId(21) 下载完成 9 组 剩 5 组 done=9 remaining=5
2026-05-28T07:48:54.760054Z  INFO ThreadId(21) 保存完成 130 章 剩 88 章 done=130 remaining=88
2026-05-28T07:48:54.764781Z  INFO ThreadId(21) 保存完成 140 章 剩 78 章 done=140 remaining=78
2026-05-28T07:48:54.770171Z  INFO ThreadId(21) 下载完成 10 组 剩 4 组 done=10 remaining=4
2026-05-28T07:48:56.149901Z  INFO ThreadId(21) 保存完成 150 章 剩 68 章 done=150 remaining=68
2026-05-28T07:48:56.158213Z  INFO ThreadId(21) 下载完成 11 组 剩 3 组 done=11 remaining=3
2026-05-28T07:48:57.623596Z  INFO ThreadId(21) 保存完成 160 章 剩 58 章 done=160 remaining=58
2026-05-28T07:48:57.630295Z  INFO ThreadId(21) 保存完成 170 章 剩 48 章 done=170 remaining=48
2026-05-28T07:48:57.636351Z  INFO ThreadId(21) 下载完成 12 组 剩 2 组 done=12 remaining=2
2026-05-28T07:48:59.079862Z  INFO ThreadId(21) 保存完成 180 章 剩 38 章 done=180 remaining=38
2026-05-28T07:48:59.090798Z  INFO ThreadId(21) 下载完成 13 组 剩 1 组 done=13 remaining=1
2026-05-28T07:49:00.566422Z  INFO ThreadId(21) 保存完成 190 章 剩 28 章 done=190 remaining=28
2026-05-28T07:49:00.571159Z  INFO ThreadId(21) 保存完成 200 章 剩 18 章 done=200 remaining=18
2026-05-28T07:49:00.579578Z  INFO ThreadId(21) 下载完成 14 组 剩 0 组 done=14 remaining=0
2026-05-28T07:49:00.579820Z  INFO ThreadId(21) 首轮下载完成，统一刷新 IID 后重试失败章节 count=16
2026-05-28T07:49:06.545565Z  INFO ThreadId(21) 检测到整组章节全部失败，立即切回整组换 IID 重试策略 total=16 reason="HTTP request failed: register_key: server returned empty response (0 bytes raw)"
2026-05-28T07:49:13.333650Z  INFO ThreadId(21) 保存完成 210 章 剩 8 章 done=210 remaining=8
2026-05-28T07:49:13.337352Z  INFO ThreadId(21) 保存完成 218 章 剩 0 章 done=218 remaining=0
2026-05-28T07:49:13.345403Z  INFO ThreadId(21) 下载完成：每天六千万，只能在县城花？ 成功 218 章，失败 0 章，用时 52.1s
2026-05-28T07:49:13.351827Z  INFO ThreadId(21) finalize start: chapters=218
2026-05-28T07:49:13.403618Z  INFO ThreadId(21) written: C:\Users\Administrator\Documents\trae_projects\AI网文小说项目\每天六千万，只能在县城花？.txt
2026-05-28T07:49:13.607611Z  INFO main 下载完成 book_id=7623460631303179288
2026-05-28T08:50:58.744970Z  INFO main 开始加载目录/预览 book_id=7590221243043826712
2026-05-28T08:50:58.745188Z  INFO ThreadId(30) 准备下载计划 book_id="7590221243043826712"
2026-05-28T08:50:58.746067Z  INFO ThreadId(30) 准备下载计划（web fallback） book_id="7590221243043826712"
2026-05-28T08:51:00.249234Z  INFO ThreadId(30) web 封面下载成功 book_id="7590221243043826712" path=C:\Users\Administrator\Documents\trae_projects\AI网文小说项目\7590221243043826712\cover.jpg
2026-05-28T08:51:00.678373Z  INFO ThreadId(30) 封面文件已存在，跳过下载 book_id="7590221243043826712" path=C:\Users\Administrator\Documents\trae_projects\AI网文小说项目\7590221243043826712\cover.jpg
2026-05-28T08:51:06.978989Z  INFO main 启动下载任务 book_id=7590221243043826712
2026-05-28T08:51:06.979218Z  INFO ThreadId(38) 启动下载 book_id=7590221243043826712
2026-05-28T08:51:06.980155Z  INFO ThreadId(38) 已按 BookID 解析稳定缓存目录 book_id="7590221243043826712" folder=C:\Users\Administrator\Documents\trae_projects\AI网文小说项目\7590221243043826712
2026-05-28T08:51:06.981562Z  INFO ThreadId(38) 开始下载：游戏入侵：开局金刚明王功 (538 章)
2026-05-28T08:51:09.967045Z  INFO ThreadId(38) 保存完成 10 章 剩 528 章 done=10 remaining=528
2026-05-28T08:51:09.969838Z  INFO ThreadId(38) 下载完成 1 组 剩 34 组 done=1 remaining=34
2026-05-28T08:51:11.403410Z  INFO ThreadId(38) 保存完成 20 章 剩 518 章 done=20 remaining=518
2026-05-28T08:51:11.407654Z  INFO ThreadId(38) 保存完成 30 章 剩 508 章 done=30 remaining=508
2026-05-28T08:51:11.410384Z  INFO ThreadId(38) 下载完成 2 组 剩 33 组 done=2 remaining=33
2026-05-28T08:51:12.819172Z  INFO ThreadId(38) 保存完成 40 章 剩 498 章 done=40 remaining=498
2026-05-28T08:51:12.824840Z  INFO ThreadId(38) 下载完成 3 组 剩 32 组 done=3 remaining=32
2026-05-28T08:51:14.242811Z  INFO ThreadId(38) 保存完成 50 章 剩 488 章 done=50 remaining=488
2026-05-28T08:51:14.247692Z  INFO ThreadId(38) 保存完成 60 章 剩 478 章 done=60 remaining=478
2026-05-28T08:51:14.252522Z  INFO ThreadId(38) 下载完成 4 组 剩 31 组 done=4 remaining=31
2026-05-28T08:51:15.663524Z  INFO ThreadId(38) 保存完成 70 章 剩 468 章 done=70 remaining=468
2026-05-28T08:51:15.668015Z  INFO ThreadId(38) 保存完成 80 章 剩 458 章 done=80 remaining=458
2026-05-28T08:51:15.670939Z  INFO ThreadId(38) 下载完成 5 组 剩 30 组 done=5 remaining=30
2026-05-28T08:51:17.078215Z  INFO ThreadId(38) 保存完成 90 章 剩 448 章 done=90 remaining=448
2026-05-28T08:51:17.084595Z  INFO ThreadId(38) 下载完成 6 组 剩 29 组 done=6 remaining=29
2026-05-28T08:51:18.517923Z  INFO ThreadId(38) 保存完成 100 章 剩 438 章 done=100 remaining=438
2026-05-28T08:51:18.522389Z  INFO ThreadId(38) 保存完成 110 章 剩 428 章 done=110 remaining=428
2026-05-28T08:51:18.528233Z  INFO ThreadId(38) 下载完成 7 组 剩 28 组 done=7 remaining=28
2026-05-28T08:51:19.958328Z  INFO ThreadId(38) 保存完成 120 章 剩 418 章 done=120 remaining=418
2026-05-28T08:51:19.967701Z  INFO ThreadId(38) 下载完成 8 组 剩 27 组 done=8 remaining=27
2026-05-28T08:51:21.351867Z  INFO ThreadId(38) 保存完成 130 章 剩 408 章 done=130 remaining=408
2026-05-28T08:51:21.357755Z  INFO ThreadId(38) 保存完成 140 章 剩 398 章 done=140 remaining=398
2026-05-28T08:51:21.365973Z  INFO ThreadId(38) 下载完成 9 组 剩 26 组 done=9 remaining=26
2026-05-28T08:51:22.792732Z  INFO ThreadId(38) 保存完成 150 章 剩 388 章 done=150 remaining=388
2026-05-28T08:51:22.797342Z  INFO ThreadId(38) 保存完成 160 章 剩 378 章 done=160 remaining=378
2026-05-28T08:51:22.802415Z  INFO ThreadId(38) 下载完成 10 组 剩 25 组 done=10 remaining=25
2026-05-28T08:51:24.205243Z  INFO ThreadId(38) 保存完成 170 章 剩 368 章 done=170 remaining=368
2026-05-28T08:51:24.214880Z  INFO ThreadId(38) 下载完成 11 组 剩 24 组 done=11 remaining=24
2026-05-28T08:51:25.662307Z  INFO ThreadId(38) 保存完成 180 章 剩 358 章 done=180 remaining=358
2026-05-28T08:51:25.666713Z  INFO ThreadId(38) 保存完成 190 章 剩 348 章 done=190 remaining=348
2026-05-28T08:51:25.673320Z  INFO ThreadId(38) 下载完成 12 组 剩 23 组 done=12 remaining=23
2026-05-28T08:51:27.079833Z  INFO ThreadId(38) 保存完成 200 章 剩 338 章 done=200 remaining=338
2026-05-28T08:51:27.089844Z  INFO ThreadId(38) 下载完成 13 组 剩 22 组 done=13 remaining=22
2026-05-28T08:51:28.473444Z  INFO ThreadId(38) 保存完成 210 章 剩 328 章 done=210 remaining=328
2026-05-28T08:51:28.479183Z  INFO ThreadId(38) 保存完成 220 章 剩 318 章 done=220 remaining=318
2026-05-28T08:51:28.487000Z  INFO ThreadId(38) 下载完成 14 组 剩 21 组 done=14 remaining=21
2026-05-28T08:51:29.904828Z  INFO ThreadId(38) 保存完成 230 章 剩 308 章 done=230 remaining=308
2026-05-28T08:51:29.915574Z  INFO ThreadId(38) 下载完成 15 组 剩 20 组 done=15 remaining=20
2026-05-28T08:51:31.308200Z  INFO ThreadId(38) 保存完成 240 章 剩 298 章 done=240 remaining=298
2026-05-28T08:51:31.314358Z  INFO ThreadId(38) 保存完成 250 章 剩 288 章 done=250 remaining=288
2026-05-28T08:51:31.325195Z  INFO ThreadId(38) 下载完成 16 组 剩 19 组 done=16 remaining=19
2026-05-28T08:51:32.732186Z  INFO ThreadId(38) 保存完成 260 章 剩 278 章 done=260 remaining=278
2026-05-28T08:51:32.744939Z  INFO ThreadId(38) 下载完成 17 组 剩 18 组 done=17 remaining=18
2026-05-28T08:51:34.167495Z  INFO ThreadId(38) 保存完成 270 章 剩 268 章 done=270 remaining=268
2026-05-28T08:51:34.171707Z  INFO ThreadId(38) 保存完成 280 章 剩 258 章 done=280 remaining=258
2026-05-28T08:51:34.183737Z  INFO ThreadId(38) 下载完成 18 组 剩 17 组 done=18 remaining=17
2026-05-28T08:51:35.598042Z  INFO ThreadId(38) 保存完成 290 章 剩 248 章 done=290 remaining=248
2026-05-28T08:51:35.612803Z  INFO ThreadId(38) 下载完成 19 组 剩 16 组 done=19 remaining=16
2026-05-28T08:51:36.993222Z  INFO ThreadId(38) 保存完成 300 章 剩 238 章 done=300 remaining=238
2026-05-28T08:51:36.997847Z  INFO ThreadId(38) 保存完成 310 章 剩 228 章 done=310 remaining=228
2026-05-28T08:51:37.010592Z  INFO ThreadId(38) 下载完成 20 组 剩 15 组 done=20 remaining=15
2026-05-28T08:51:38.454002Z  INFO ThreadId(38) 保存完成 320 章 剩 218 章 done=320 remaining=218
2026-05-28T08:51:38.468825Z  INFO ThreadId(38) 下载完成 21 组 剩 14 组 done=21 remaining=14
2026-05-28T08:51:40.025537Z  INFO ThreadId(38) 保存完成 330 章 剩 208 章 done=330 remaining=208
2026-05-28T08:51:40.029454Z  INFO ThreadId(38) 保存完成 340 章 剩 198 章 done=340 remaining=198
2026-05-28T08:51:40.041933Z  INFO ThreadId(38) 下载完成 22 组 剩 13 组 done=22 remaining=13
2026-05-28T08:51:41.475943Z  INFO ThreadId(38) 保存完成 350 章 剩 188 章 done=350 remaining=188
2026-05-28T08:51:41.490104Z  INFO ThreadId(38) 下载完成 23 组 剩 12 组 done=23 remaining=12
2026-05-28T08:51:42.869229Z  INFO ThreadId(38) 保存完成 360 章 剩 178 章 done=360 remaining=178
2026-05-28T08:51:42.873699Z  INFO ThreadId(38) 保存完成 370 章 剩 168 章 done=370 remaining=168
2026-05-28T08:51:42.890604Z  INFO ThreadId(38) 下载完成 24 组 剩 11 组 done=24 remaining=11
2026-05-28T08:51:44.265786Z  INFO ThreadId(38) 保存完成 380 章 剩 158 章 done=380 remaining=158
2026-05-28T08:51:44.282646Z  INFO ThreadId(38) 下载完成 25 组 剩 10 组 done=25 remaining=10
2026-05-28T08:51:45.708973Z  INFO ThreadId(38) 保存完成 390 章 剩 148 章 done=390 remaining=148
2026-05-28T08:51:45.714091Z  INFO ThreadId(38) 保存完成 400 章 剩 138 章 done=400 remaining=138
2026-05-28T08:51:45.728470Z  INFO ThreadId(38) 下载完成 26 组 剩 9 组 done=26 remaining=9
2026-05-28T08:51:47.162197Z  INFO ThreadId(38) 保存完成 410 章 剩 128 章 done=410 remaining=128
2026-05-28T08:51:47.189207Z  INFO ThreadId(38) 下载完成 27 组 剩 8 组 done=27 remaining=8
2026-05-28T08:51:48.612468Z  INFO ThreadId(38) 保存完成 420 章 剩 118 章 done=420 remaining=118
2026-05-28T08:51:48.618475Z  INFO ThreadId(38) 保存完成 430 章 剩 108 章 done=430 remaining=108
2026-05-28T08:51:48.635060Z  INFO ThreadId(38) 下载完成 28 组 剩 7 组 done=28 remaining=7
2026-05-28T08:51:50.067528Z  INFO ThreadId(38) 保存完成 440 章 剩 98 章 done=440 remaining=98
2026-05-28T08:51:50.090257Z  INFO ThreadId(38) 下载完成 29 组 剩 6 组 done=29 remaining=6
2026-05-28T08:51:51.514590Z  INFO ThreadId(38) 保存完成 450 章 剩 88 章 done=450 remaining=88
2026-05-28T08:51:51.520197Z  INFO ThreadId(38) 保存完成 460 章 剩 78 章 done=460 remaining=78
2026-05-28T08:51:51.542034Z  INFO ThreadId(38) 下载完成 30 组 剩 5 组 done=30 remaining=5
2026-05-28T08:51:52.954776Z  INFO ThreadId(38) 保存完成 470 章 剩 68 章 done=470 remaining=68
2026-05-28T08:51:52.977379Z  INFO ThreadId(38) 下载完成 31 组 剩 4 组 done=31 remaining=4
2026-05-28T08:51:54.405417Z  INFO ThreadId(38) 保存完成 480 章 剩 58 章 done=480 remaining=58
2026-05-28T08:51:54.412238Z  INFO ThreadId(38) 保存完成 490 章 剩 48 章 done=490 remaining=48
2026-05-28T08:51:54.429969Z  INFO ThreadId(38) 下载完成 32 组 剩 3 组 done=32 remaining=3
2026-05-28T08:51:55.822103Z  INFO ThreadId(38) 保存完成 500 章 剩 38 章 done=500 remaining=38
2026-05-28T08:51:55.847760Z  INFO ThreadId(38) 下载完成 33 组 剩 2 组 done=33 remaining=2
2026-05-28T08:51:57.258486Z  INFO ThreadId(38) 保存完成 510 章 剩 28 章 done=510 remaining=28
2026-05-28T08:51:57.265801Z  INFO ThreadId(38) 保存完成 520 章 剩 18 章 done=520 remaining=18
2026-05-28T08:51:57.295591Z  INFO ThreadId(38) 下载完成 34 组 剩 1 组 done=34 remaining=1
2026-05-28T08:51:58.705397Z  INFO ThreadId(38) 保存完成 530 章 剩 8 章 done=530 remaining=8
2026-05-28T08:51:58.711229Z  INFO ThreadId(38) 保存完成 538 章 剩 0 章 done=538 remaining=0
2026-05-28T08:51:58.727385Z  INFO ThreadId(38) 下载完成 35 组 剩 0 组 done=35 remaining=0
2026-05-28T08:51:58.727616Z  INFO ThreadId(38) 下载完成：游戏入侵：开局金刚明王功 成功 538 章，失败 0 章，用时 51.7s
2026-05-28T08:51:58.745288Z  INFO ThreadId(38) finalize start: chapters=538
2026-05-28T08:51:58.895378Z  INFO ThreadId(38) written: C:\Users\Administrator\Documents\trae_projects\AI网文小说项目\游戏入侵：开局金刚明王功.txt
2026-05-28T08:51:58.955825Z  INFO main 下载完成 book_id=7590221243043826712
2026-05-29T04:32:38.338077Z  INFO main 开始搜索: 乘风热恋
2026-05-29T04:32:41.935299Z  INFO main 开始搜索: 乘风热恋
2026-05-29T04:32:48.177532Z  INFO main 开始加载目录/预览 book_id=7574112426858122264
2026-05-29T04:32:48.177767Z  INFO ThreadId(46) 准备下载计划 book_id="7574112426858122264"
2026-05-29T04:32:48.178661Z  INFO ThreadId(46) 准备下载计划（web fallback） book_id="7574112426858122264"
2026-05-29T04:32:49.877903Z  INFO ThreadId(46) web 封面下载成功 book_id="7574112426858122264" path=C:\Users\Administrator\Documents\trae_projects\AI网文小说项目\7574112426858122264\cover.jpg
2026-05-29T04:32:50.294155Z  INFO ThreadId(46) 封面文件已存在，跳过下载 book_id="7574112426858122264" path=C:\Users\Administrator\Documents\trae_projects\AI网文小说项目\7574112426858122264\cover.jpg
2026-05-29T04:32:52.282004Z  INFO main 启动下载任务 book_id=7574112426858122264
2026-05-29T04:32:52.282164Z  INFO ThreadId(54) 启动下载 book_id=7574112426858122264
2026-05-29T04:32:52.283344Z  INFO ThreadId(54) 已按 BookID 解析稳定缓存目录 book_id="7574112426858122264" folder=C:\Users\Administrator\Documents\trae_projects\AI网文小说项目\7574112426858122264
2026-05-29T04:32:52.284817Z  INFO ThreadId(54) 开始下载：女配一睁眼，失忆男主冷脸洗床单 (205 章)
2026-05-29T04:32:53.943113Z  INFO ThreadId(54) 保存完成 10 章 剩 195 章 done=10 remaining=195
2026-05-29T04:32:53.946589Z  INFO ThreadId(54) 下载完成 1 组 剩 12 组 done=1 remaining=12
2026-05-29T04:32:55.392472Z  INFO ThreadId(54) 保存完成 20 章 剩 185 章 done=20 remaining=185
2026-05-29T04:32:55.395634Z  INFO ThreadId(54) 保存完成 30 章 剩 175 章 done=30 remaining=175
2026-05-29T04:32:55.397420Z  INFO ThreadId(54) 下载完成 2 组 剩 11 组 done=2 remaining=11
2026-05-29T04:32:56.828579Z  INFO ThreadId(54) 保存完成 40 章 剩 165 章 done=40 remaining=165
2026-05-29T04:32:56.835279Z  INFO ThreadId(54) 下载完成 3 组 剩 10 组 done=3 remaining=10
2026-05-29T04:32:58.316245Z  INFO ThreadId(54) 保存完成 50 章 剩 155 章 done=50 remaining=155
2026-05-29T04:32:58.320974Z  INFO ThreadId(54) 保存完成 60 章 剩 145 章 done=60 remaining=145
2026-05-29T04:32:58.326105Z  INFO ThreadId(54) 下载完成 4 组 剩 9 组 done=4 remaining=9
2026-05-29T04:32:59.828645Z  INFO ThreadId(54) 保存完成 70 章 剩 135 章 done=70 remaining=135
2026-05-29T04:32:59.832935Z  INFO ThreadId(54) 保存完成 80 章 剩 125 章 done=80 remaining=125
2026-05-29T04:32:59.836275Z  INFO ThreadId(54) 下载完成 5 组 剩 8 组 done=5 remaining=8
2026-05-29T04:33:01.300531Z  INFO ThreadId(54) 保存完成 90 章 剩 115 章 done=90 remaining=115
2026-05-29T04:33:01.306639Z  INFO ThreadId(54) 下载完成 6 组 剩 7 组 done=6 remaining=7
2026-05-29T04:33:02.784977Z  INFO ThreadId(54) 保存完成 100 章 剩 105 章 done=100 remaining=105
2026-05-29T04:33:02.789637Z  INFO ThreadId(54) 保存完成 110 章 剩 95 章 done=110 remaining=95
2026-05-29T04:33:02.796803Z  INFO ThreadId(54) 下载完成 7 组 剩 6 组 done=7 remaining=6
2026-05-29T04:33:04.237536Z  INFO ThreadId(54) 保存完成 120 章 剩 85 章 done=120 remaining=85
2026-05-29T04:33:04.249359Z  INFO ThreadId(54) 下载完成 8 组 剩 5 组 done=8 remaining=5
2026-05-29T04:33:05.688034Z  INFO ThreadId(54) 保存完成 130 章 剩 75 章 done=130 remaining=75
2026-05-29T04:33:05.698919Z  INFO ThreadId(54) 保存完成 140 章 剩 65 章 done=140 remaining=65
2026-05-29T04:33:05.705021Z  INFO ThreadId(54) 下载完成 9 组 剩 4 组 done=9 remaining=4
2026-05-29T04:33:07.191214Z  INFO ThreadId(54) 保存完成 150 章 剩 55 章 done=150 remaining=55
2026-05-29T04:33:07.196259Z  INFO ThreadId(54) 保存完成 160 章 剩 45 章 done=160 remaining=45
2026-05-29T04:33:07.201247Z  INFO ThreadId(54) 下载完成 10 组 剩 3 组 done=10 remaining=3
2026-05-29T04:33:08.697446Z  INFO ThreadId(54) 保存完成 170 章 剩 35 章 done=170 remaining=35
2026-05-29T04:33:08.706239Z  INFO ThreadId(54) 下载完成 11 组 剩 2 组 done=11 remaining=2
2026-05-29T04:33:10.119068Z  INFO ThreadId(54) 保存完成 180 章 剩 25 章 done=180 remaining=25
2026-05-29T04:33:10.126093Z  INFO ThreadId(54) 保存完成 190 章 剩 15 章 done=190 remaining=15
2026-05-29T04:33:10.132580Z  INFO ThreadId(54) 下载完成 12 组 剩 1 组 done=12 remaining=1
2026-05-29T04:33:11.563917Z  INFO ThreadId(54) 保存完成 200 章 剩 5 章 done=200 remaining=5
2026-05-29T04:33:11.566700Z  INFO ThreadId(54) 保存完成 205 章 剩 0 章 done=205 remaining=0
2026-05-29T04:33:11.575187Z  INFO ThreadId(54) 下载完成 13 组 剩 0 组 done=13 remaining=0
2026-05-29T04:33:11.575916Z  INFO ThreadId(54) 下载完成：女配一睁眼，失忆男主冷脸洗床单 成功 205 章，失败 0 章，用时 19.3s
2026-05-29T04:33:11.583754Z  INFO ThreadId(54) finalize start: chapters=205
2026-05-29T04:33:11.636927Z  INFO ThreadId(54) written: C:\Users\Administrator\Documents\trae_projects\AI网文小说项目\女配一睁眼，失忆男主冷脸洗床单.txt
2026-05-29T04:33:11.771912Z  INFO main 下载完成 book_id=7574112426858122264
2026-05-29T05:21:24.112626Z  INFO main 开始搜索: 酸涩湿吻
2026-05-29T05:22:27.176005Z  INFO main 开始加载目录/预览 book_id=7582240771588230206
2026-05-29T05:22:27.176196Z  INFO ThreadId(58) 准备下载计划 book_id="7582240771588230206"
2026-05-29T05:22:27.176821Z  INFO ThreadId(58) 准备下载计划（web fallback） book_id="7582240771588230206"
2026-05-29T05:22:28.572740Z  INFO ThreadId(58) web 封面下载成功 book_id="7582240771588230206" path=C:\Users\Administrator\Documents\trae_projects\AI网文小说项目\7582240771588230206\cover.png
2026-05-29T05:22:28.891786Z  INFO ThreadId(58) 封面文件已存在，跳过下载 book_id="7582240771588230206" path=C:\Users\Administrator\Documents\trae_projects\AI网文小说项目\7582240771588230206\cover.png
2026-05-29T05:24:27.738047Z  INFO main 启动下载任务 book_id=7582240771588230206
2026-05-29T05:24:27.738302Z  INFO ThreadId(66) 启动下载 book_id=7582240771588230206
2026-05-29T05:24:27.740143Z  INFO ThreadId(66) 已按 BookID 解析稳定缓存目录 book_id="7582240771588230206" folder=C:\Users\Administrator\Documents\trae_projects\AI网文小说项目\7582240771588230206
2026-05-29T05:24:27.742323Z  INFO ThreadId(66) 开始下载：酸涩湿吻 (170 章)
2026-05-29T05:24:29.535738Z  INFO ThreadId(66) 保存完成 10 章 剩 160 章 done=10 remaining=160
2026-05-29T05:24:29.544525Z  INFO ThreadId(66) 下载完成 1 组 剩 10 组 done=1 remaining=10
2026-05-29T05:24:31.004781Z  INFO ThreadId(66) 保存完成 20 章 剩 150 章 done=20 remaining=150
2026-05-29T05:24:31.009780Z  INFO ThreadId(66) 保存完成 30 章 剩 140 章 done=30 remaining=140
2026-05-29T05:24:31.012515Z  INFO ThreadId(66) 下载完成 2 组 剩 9 组 done=2 remaining=9
2026-05-29T05:24:32.458405Z  INFO ThreadId(66) 保存完成 40 章 剩 130 章 done=40 remaining=130
2026-05-29T05:24:32.463949Z  INFO ThreadId(66) 下载完成 3 组 剩 8 组 done=3 remaining=8
2026-05-29T05:24:33.900844Z  INFO ThreadId(66) 保存完成 50 章 剩 120 章 done=50 remaining=120
2026-05-29T05:24:33.906125Z  INFO ThreadId(66) 保存完成 60 章 剩 110 章 done=60 remaining=110
2026-05-29T05:24:33.911066Z  INFO ThreadId(66) 下载完成 4 组 剩 7 组 done=4 remaining=7
2026-05-29T05:24:35.268605Z  INFO ThreadId(66) 保存完成 70 章 剩 100 章 done=70 remaining=100
2026-05-29T05:24:35.274033Z  INFO ThreadId(66) 保存完成 80 章 剩 90 章 done=80 remaining=90
2026-05-29T05:24:35.277453Z  INFO ThreadId(66) 下载完成 5 组 剩 6 组 done=5 remaining=6
2026-05-29T05:24:36.716112Z  INFO ThreadId(66) 保存完成 90 章 剩 80 章 done=90 remaining=80
2026-05-29T05:24:36.722120Z  INFO ThreadId(66) 下载完成 6 组 剩 5 组 done=6 remaining=5
2026-05-29T05:24:38.130426Z  INFO ThreadId(66) 保存完成 100 章 剩 70 章 done=100 remaining=70
2026-05-29T05:24:38.134943Z  INFO ThreadId(66) 保存完成 110 章 剩 60 章 done=110 remaining=60
2026-05-29T05:24:38.139281Z  INFO ThreadId(66) 下载完成 7 组 剩 4 组 done=7 remaining=4
2026-05-29T05:24:39.558242Z  INFO ThreadId(66) 保存完成 120 章 剩 50 章 done=120 remaining=50
2026-05-29T05:24:39.564925Z  INFO ThreadId(66) 下载完成 8 组 剩 3 组 done=8 remaining=3
2026-05-29T05:24:40.974926Z  INFO ThreadId(66) 保存完成 130 章 剩 40 章 done=130 remaining=40
2026-05-29T05:24:40.980517Z  INFO ThreadId(66) 保存完成 140 章 剩 30 章 done=140 remaining=30
2026-05-29T05:24:40.986303Z  INFO ThreadId(66) 下载完成 9 组 剩 2 组 done=9 remaining=2
2026-05-29T05:24:42.415485Z  INFO ThreadId(66) 保存完成 150 章 剩 20 章 done=150 remaining=20
2026-05-29T05:24:42.423092Z  INFO ThreadId(66) 下载完成 10 组 剩 1 组 done=10 remaining=1
2026-05-29T05:24:43.880831Z  INFO ThreadId(66) 保存完成 160 章 剩 10 章 done=160 remaining=10
2026-05-29T05:24:43.885541Z  INFO ThreadId(66) 保存完成 170 章 剩 0 章 done=170 remaining=0
2026-05-29T05:24:43.892919Z  INFO ThreadId(66) 下载完成 11 组 剩 0 组 done=11 remaining=0
2026-05-29T05:24:43.893387Z  INFO ThreadId(66) 下载完成：酸涩湿吻 成功 170 章，失败 0 章，用时 16.2s
2026-05-29T05:24:43.901071Z  INFO ThreadId(66) finalize start: chapters=170
2026-05-29T05:24:43.949697Z  INFO ThreadId(66) written: C:\Users\Administrator\Documents\trae_projects\AI网文小说项目\酸涩湿吻.txt
2026-05-29T05:24:44.178111Z  INFO main 下载完成 book_id=7582240771588230206
2026-05-29T06:24:21.011296Z  INFO main 开始搜索: 怎敌他动人
2026-05-29T06:24:30.299283Z  INFO main 开始加载目录/预览 book_id=7470142203893926936
2026-05-29T06:24:30.299753Z  INFO ThreadId(70) 准备下载计划 book_id="7470142203893926936"
2026-05-29T06:24:30.300976Z  INFO ThreadId(70) 准备下载计划（web fallback） book_id="7470142203893926936"
2026-05-29T06:24:31.949443Z  INFO ThreadId(70) web 封面下载成功 book_id="7470142203893926936" path=C:\Users\Administrator\Documents\trae_projects\AI网文小说项目\7470142203893926936\cover.png
2026-05-29T06:24:32.315380Z  INFO ThreadId(70) 封面文件已存在，跳过下载 book_id="7470142203893926936" path=C:\Users\Administrator\Documents\trae_projects\AI网文小说项目\7470142203893926936\cover.png
2026-05-29T06:24:33.285144Z  INFO main 启动下载任务 book_id=7470142203893926936
2026-05-29T06:24:33.285353Z  INFO ThreadId(78) 启动下载 book_id=7470142203893926936
2026-05-29T06:24:33.287278Z  INFO ThreadId(78) 已按 BookID 解析稳定缓存目录 book_id="7470142203893926936" folder=C:\Users\Administrator\Documents\trae_projects\AI网文小说项目\7470142203893926936
2026-05-29T06:24:33.289224Z  INFO ThreadId(78) 开始下载：睁眼！重生阴湿亡夫少年时 (256 章)
2026-05-29T06:24:34.891908Z  INFO ThreadId(78) 保存完成 10 章 剩 246 章 done=10 remaining=246
2026-05-29T06:24:34.895484Z  INFO ThreadId(78) 下载完成 1 组 剩 16 组 done=1 remaining=16
2026-05-29T06:24:36.333227Z  INFO ThreadId(78) 保存完成 20 章 剩 236 章 done=20 remaining=236
2026-05-29T06:24:36.336292Z  INFO ThreadId(78) 保存完成 30 章 剩 226 章 done=30 remaining=226
2026-05-29T06:24:36.338359Z  INFO ThreadId(78) 下载完成 2 组 剩 15 组 done=2 remaining=15
2026-05-29T06:24:37.783511Z  INFO ThreadId(78) 保存完成 40 章 剩 216 章 done=40 remaining=216
2026-05-29T06:24:37.788552Z  INFO ThreadId(78) 下载完成 3 组 剩 14 组 done=3 remaining=14
2026-05-29T06:24:39.229731Z  INFO ThreadId(78) 保存完成 50 章 剩 206 章 done=50 remaining=206
2026-05-29T06:24:39.234196Z  INFO ThreadId(78) 保存完成 60 章 剩 196 章 done=60 remaining=196
2026-05-29T06:24:39.237061Z  INFO ThreadId(78) 下载完成 4 组 剩 13 组 done=4 remaining=13
2026-05-29T06:24:40.674073Z  INFO ThreadId(78) 保存完成 70 章 剩 186 章 done=70 remaining=186
2026-05-29T06:24:40.680533Z  INFO ThreadId(78) 下载完成 5 组 剩 12 组 done=5 remaining=12
2026-05-29T06:24:42.037855Z  INFO ThreadId(78) 保存完成 80 章 剩 176 章 done=80 remaining=176
2026-05-29T06:24:42.041342Z  INFO ThreadId(78) 保存完成 90 章 剩 166 章 done=90 remaining=166
2026-05-29T06:24:42.046052Z  INFO ThreadId(78) 下载完成 6 组 剩 11 组 done=6 remaining=11
2026-05-29T06:24:43.441211Z  INFO ThreadId(78) 保存完成 100 章 剩 156 章 done=100 remaining=156
2026-05-29T06:24:43.448969Z  INFO ThreadId(78) 下载完成 7 组 剩 10 组 done=7 remaining=10
2026-05-29T06:24:44.842342Z  INFO ThreadId(78) 保存完成 110 章 剩 146 章 done=110 remaining=146
2026-05-29T06:24:44.848470Z  INFO ThreadId(78) 保存完成 120 章 剩 136 章 done=120 remaining=136
2026-05-29T06:24:44.852528Z  INFO ThreadId(78) 下载完成 8 组 剩 9 组 done=8 remaining=9
2026-05-29T06:24:46.351623Z  INFO ThreadId(78) 保存完成 130 章 剩 126 章 done=130 remaining=126
2026-05-29T06:24:46.358079Z  INFO ThreadId(78) 下载完成 9 组 剩 8 组 done=9 remaining=8
2026-05-29T06:24:47.752232Z  INFO ThreadId(78) 保存完成 140 章 剩 116 章 done=140 remaining=116
2026-05-29T06:24:47.756132Z  INFO ThreadId(78) 保存完成 150 章 剩 106 章 done=150 remaining=106
2026-05-29T06:24:47.762784Z  INFO ThreadId(78) 下载完成 10 组 剩 7 组 done=10 remaining=7
2026-05-29T06:24:49.180469Z  INFO ThreadId(78) 保存完成 160 章 剩 96 章 done=160 remaining=96
2026-05-29T06:24:49.189400Z  INFO ThreadId(78) 下载完成 11 组 剩 6 组 done=11 remaining=6
2026-05-29T06:24:50.595595Z  INFO ThreadId(78) 保存完成 170 章 剩 86 章 done=170 remaining=86
2026-05-29T06:24:50.600743Z  INFO ThreadId(78) 保存完成 180 章 剩 76 章 done=180 remaining=76
2026-05-29T06:24:50.606663Z  INFO ThreadId(78) 下载完成 12 组 剩 5 组 done=12 remaining=5
2026-05-29T06:24:51.997809Z  INFO ThreadId(78) 保存完成 190 章 剩 66 章 done=190 remaining=66
2026-05-29T06:24:52.007276Z  INFO ThreadId(78) 下载完成 13 组 剩 4 组 done=13 remaining=4
2026-05-29T06:24:53.452744Z  INFO ThreadId(78) 保存完成 200 章 剩 56 章 done=200 remaining=56
2026-05-29T06:24:53.456955Z  INFO ThreadId(78) 保存完成 210 章 剩 46 章 done=210 remaining=46
2026-05-29T06:24:53.465463Z  INFO ThreadId(78) 下载完成 14 组 剩 3 组 done=14 remaining=3
2026-05-29T06:24:54.918425Z  INFO ThreadId(78) 保存完成 220 章 剩 36 章 done=220 remaining=36
2026-05-29T06:24:54.927802Z  INFO ThreadId(78) 下载完成 15 组 剩 2 组 done=15 remaining=2
2026-05-29T06:24:56.364433Z  INFO ThreadId(78) 保存完成 230 章 剩 26 章 done=230 remaining=26
2026-05-29T06:24:56.369306Z  INFO ThreadId(78) 保存完成 240 章 剩 16 章 done=240 remaining=16
2026-05-29T06:24:56.379507Z  INFO ThreadId(78) 下载完成 16 组 剩 1 组 done=16 remaining=1
2026-05-29T06:24:57.792005Z  INFO ThreadId(78) 保存完成 250 章 剩 6 章 done=250 remaining=6
2026-05-29T06:24:57.796275Z  INFO ThreadId(78) 保存完成 256 章 剩 0 章 done=256 remaining=0
2026-05-29T06:24:57.804521Z  INFO ThreadId(78) 下载完成 17 组 剩 0 组 done=17 remaining=0
2026-05-29T06:24:57.804853Z  INFO ThreadId(78) 下载完成：睁眼！重生阴湿亡夫少年时 成功 256 章，失败 0 章，用时 24.5s
2026-05-29T06:24:57.815662Z  INFO ThreadId(78) finalize start: chapters=256
2026-05-29T06:24:57.880557Z  INFO ThreadId(78) written: C:\Users\Administrator\Documents\trae_projects\AI网文小说项目\睁眼！重生阴湿亡夫少年时.txt
2026-05-29T06:24:57.981318Z  INFO main 下载完成 book_id=7470142203893926936
2026-05-29T06:25:33.131816Z  INFO main 开始搜索: 以爱为家
2026-05-29T06:25:43.872654Z  INFO main 开始加载目录/预览 book_id=7490227290643647550
2026-05-29T06:25:43.872856Z  INFO ThreadId(82) 准备下载计划 book_id="7490227290643647550"
2026-05-29T06:25:43.873567Z  INFO ThreadId(82) 准备下载计划（web fallback） book_id="7490227290643647550"
2026-05-29T06:25:45.338565Z  INFO ThreadId(82) web 封面下载成功 book_id="7490227290643647550" path=C:\Users\Administrator\Documents\trae_projects\AI网文小说项目\7490227290643647550\cover.png
2026-05-29T06:25:45.656740Z  INFO ThreadId(82) 封面文件已存在，跳过下载 book_id="7490227290643647550" path=C:\Users\Administrator\Documents\trae_projects\AI网文小说项目\7490227290643647550\cover.png
2026-05-29T06:25:55.291763Z  INFO main 启动下载任务 book_id=7490227290643647550
2026-05-29T06:25:55.291965Z  INFO ThreadId(90) 启动下载 book_id=7490227290643647550
2026-05-29T06:25:55.294003Z  INFO ThreadId(90) 已按 BookID 解析稳定缓存目录 book_id="7490227290643647550" folder=C:\Users\Administrator\Documents\trae_projects\AI网文小说项目\7490227290643647550
2026-05-29T06:25:55.296813Z  INFO ThreadId(90) 开始下载：认亲后，大家的画风一起跑偏了 (178 章)
2026-05-29T06:25:56.978782Z  INFO ThreadId(90) 保存完成 10 章 剩 168 章 done=10 remaining=168
2026-05-29T06:25:56.982370Z  INFO ThreadId(90) 下载完成 1 组 剩 10 组 done=1 remaining=10
2026-05-29T06:25:58.338738Z  INFO ThreadId(90) 保存完成 20 章 剩 158 章 done=20 remaining=158
2026-05-29T06:25:58.344088Z  INFO ThreadId(90) 保存完成 30 章 剩 148 章 done=30 remaining=148
2026-05-29T06:25:58.347172Z  INFO ThreadId(90) 下载完成 2 组 剩 9 组 done=2 remaining=9
2026-05-29T06:25:59.714984Z  INFO ThreadId(90) 保存完成 40 章 剩 138 章 done=40 remaining=138
2026-05-29T06:25:59.718886Z  INFO ThreadId(90) 保存完成 50 章 剩 128 章 done=50 remaining=128
2026-05-29T06:25:59.720087Z  INFO ThreadId(90) 下载完成 3 组 剩 8 组 done=3 remaining=8
2026-05-29T06:26:01.137695Z  INFO ThreadId(90) 保存完成 60 章 剩 118 章 done=60 remaining=118
2026-05-29T06:26:01.146313Z  INFO ThreadId(90) 下载完成 4 组 剩 7 组 done=4 remaining=7
2026-05-29T06:26:02.529604Z  INFO ThreadId(90) 保存完成 70 章 剩 108 章 done=70 remaining=108
2026-05-29T06:26:02.534637Z  INFO ThreadId(90) 保存完成 80 章 剩 98 章 done=80 remaining=98
2026-05-29T06:26:02.538388Z  INFO ThreadId(90) 下载完成 5 组 剩 6 组 done=5 remaining=6
2026-05-29T06:26:03.951761Z  INFO ThreadId(90) 保存完成 90 章 剩 88 章 done=90 remaining=88
2026-05-29T06:26:03.960432Z  INFO ThreadId(90) 下载完成 6 组 剩 5 组 done=6 remaining=5
2026-05-29T06:26:05.400710Z  INFO ThreadId(90) 保存完成 100 章 剩 78 章 done=100 remaining=78
2026-05-29T06:26:05.407482Z  INFO ThreadId(90) 保存完成 110 章 剩 68 章 done=110 remaining=68
2026-05-29T06:26:05.413874Z  INFO ThreadId(90) 下载完成 7 组 剩 4 组 done=7 remaining=4
2026-05-29T06:26:06.827798Z  INFO ThreadId(90) 保存完成 120 章 剩 58 章 done=120 remaining=58
2026-05-29T06:26:06.832564Z  INFO ThreadId(90) 保存完成 130 章 剩 48 章 done=130 remaining=48
2026-05-29T06:26:06.836731Z  INFO ThreadId(90) 下载完成 8 组 剩 3 组 done=8 remaining=3
2026-05-29T06:26:08.228033Z  INFO ThreadId(90) 保存完成 140 章 剩 38 章 done=140 remaining=38
2026-05-29T06:26:08.236509Z  INFO ThreadId(90) 下载完成 9 组 剩 2 组 done=9 remaining=2
2026-05-29T06:26:09.633383Z  INFO ThreadId(90) 保存完成 150 章 剩 28 章 done=150 remaining=28
2026-05-29T06:26:09.638775Z  INFO ThreadId(90) 保存完成 160 章 剩 18 章 done=160 remaining=18
2026-05-29T06:26:09.646355Z  INFO ThreadId(90) 下载完成 10 组 剩 1 组 done=10 remaining=1
2026-05-29T06:26:11.080665Z  INFO ThreadId(90) 保存完成 170 章 剩 8 章 done=170 remaining=8
2026-05-29T06:26:11.084381Z  INFO ThreadId(90) 保存完成 178 章 剩 0 章 done=178 remaining=0
2026-05-29T06:26:11.092292Z  INFO ThreadId(90) 下载完成 11 组 剩 0 组 done=11 remaining=0
2026-05-29T06:26:11.092656Z  INFO ThreadId(90) 下载完成：认亲后，大家的画风一起跑偏了 成功 178 章，失败 0 章，用时 15.8s
2026-05-29T06:26:11.098789Z  INFO ThreadId(90) finalize start: chapters=178
2026-05-29T06:26:11.144965Z  INFO ThreadId(90) written: C:\Users\Administrator\Documents\trae_projects\AI网文小说项目\认亲后，大家的画风一起跑偏了.txt
2026-05-29T06:26:11.231340Z  INFO main 下载完成 book_id=7490227290643647550
